@main(n: int) {
  speculate;
  v0: int = const 0;
  total: int = id v0;
  v2: int = id n;
  v3: int = id v0;
  v4: bool = gt v2 v0;
  guard v4 .original_code;
  v5: int = id v2;
  v6: int = const 10;
  v7: int = div v2 v6;
  v11: int = mul v6 v7;
  v12: int = sub v2 v11;
  v13: int = id v0;
  v15: int = add v0 v12;
  total: int = id v15;
  n: int = id v7;
  commit;
.original_code:
  v0: int = const 0;
  total: int = id v0;
.for.cond.1:
  v2: int = id n;
  v3: int = const 0;
  v4: bool = gt v2 v3;
  br v4 .for.body.1 .for.end.1;
.for.body.1:
  v5: int = id n;
  v6: int = const 10;
  v7: int = div v5 v6;
  v11: int = mul v6 v7;
  v12: int = sub v5 v11;
  v13: int = id total;
  v15: int = add v13 v12;
  total: int = id v15;
  n: int = id v7;
  jmp .for.cond.1;
.for.end.1:
  v17: int = id total;
  print v17;
}
