
DataFlow ConstProp analysis for function 'main'
---------------------------------------------

 Block: else.13
   ┌─ IN:
   │    i = NAC
   │    max = NAC
   │    min = NAC
   │    target = UNDEF
   │    v0 = UNDEF
   │    v1 = UNDEF
   │    v10 = UNDEF
   │    v11 = NAC
   │    v12 = NAC
   │    v14 = NAC
   │    v15 = UNDEF
   │    v16 = NAC
   │    v17 = NAC
   │    v19 = NAC
   │    v2 = UNDEF
   │    v20 = UNDEF
   │    v21 = NAC
   │    v22 = NAC
   │    v23 = NAC
   │    v24 = NAC
   │    v25 = NAC
   │    v3 = UNDEF
   │    v4 = UNDEF
   │    v7 = UNDEF
   │    v8 = UNDEF
   │    v9 = NAC
   └─ OUT:
        i = NAC
        max = NAC
        min = NAC
        target = UNDEF
        v0 = UNDEF
        v1 = UNDEF
        v10 = UNDEF
        v11 = NAC
        v12 = NAC
        v14 = NAC
        v15 = UNDEF
        v16 = NAC
        v17 = NAC
        v19 = NAC
        v2 = UNDEF
        v20 = UNDEF
        v21 = NAC
        v22 = NAC
        v23 = NAC
        v24 = NAC
        v25 = NAC
        v3 = UNDEF
        v4 = UNDEF
        v7 = UNDEF
        v8 = UNDEF
        v9 = NAC

 Block: else.18
   ┌─ IN:
   │    i = NAC
   │    max = NAC
   │    min = NAC
   │    target = UNDEF
   │    v0 = UNDEF
   │    v1 = UNDEF
   │    v10 = UNDEF
   │    v11 = NAC
   │    v12 = NAC
   │    v14 = NAC
   │    v15 = UNDEF
   │    v16 = NAC
   │    v17 = NAC
   │    v19 = NAC
   │    v2 = UNDEF
   │    v20 = UNDEF
   │    v21 = NAC
   │    v22 = NAC
   │    v23 = NAC
   │    v24 = NAC
   │    v25 = NAC
   │    v3 = UNDEF
   │    v4 = UNDEF
   │    v7 = UNDEF
   │    v8 = UNDEF
   │    v9 = NAC
   └─ OUT:
        i = NAC
        max = NAC
        min = NAC
        target = UNDEF
        v0 = UNDEF
        v1 = UNDEF
        v10 = UNDEF
        v11 = NAC
        v12 = NAC
        v14 = NAC
        v15 = UNDEF
        v16 = NAC
        v17 = NAC
        v19 = NAC
        v2 = UNDEF
        v20 = UNDEF
        v21 = NAC
        v22 = NAC
        v23 = NAC
        v24 = NAC
        v25 = NAC
        v3 = UNDEF
        v4 = UNDEF
        v7 = UNDEF
        v8 = UNDEF
        v9 = NAC

 Block: endif.13
   ┌─ IN:
   │    i = NAC
   │    max = NAC
   │    min = NAC
   │    target = UNDEF
   │    v0 = UNDEF
   │    v1 = UNDEF
   │    v10 = UNDEF
   │    v11 = NAC
   │    v12 = NAC
   │    v14 = NAC
   │    v15 = UNDEF
   │    v16 = NAC
   │    v17 = NAC
   │    v19 = NAC
   │    v2 = UNDEF
   │    v20 = UNDEF
   │    v21 = NAC
   │    v22 = NAC
   │    v23 = NAC
   │    v24 = NAC
   │    v25 = NAC
   │    v3 = UNDEF
   │    v4 = UNDEF
   │    v7 = UNDEF
   │    v8 = UNDEF
   │    v9 = NAC
   └─ OUT:
        i = NAC
        max = NAC
        min = NAC
        target = UNDEF
        v0 = UNDEF
        v1 = UNDEF
        v10 = UNDEF
        v11 = NAC
        v12 = NAC
        v14 = NAC
        v15 = UNDEF
        v16 = NAC
        v17 = NAC
        v19 = NAC
        v2 = UNDEF
        v20 = UNDEF
        v21 = NAC
        v22 = NAC
        v23 = NAC
        v24 = NAC
        v25 = NAC
        v3 = UNDEF
        v4 = UNDEF
        v7 = UNDEF
        v8 = UNDEF
        v9 = NAC

 Block: endif.18
   ┌─ IN:
   │    i = NAC
   │    max = NAC
   │    min = NAC
   │    target = UNDEF
   │    v0 = UNDEF
   │    v1 = UNDEF
   │    v10 = UNDEF
   │    v11 = NAC
   │    v12 = NAC
   │    v14 = NAC
   │    v15 = UNDEF
   │    v16 = NAC
   │    v17 = NAC
   │    v19 = NAC
   │    v2 = UNDEF
   │    v20 = UNDEF
   │    v21 = NAC
   │    v22 = NAC
   │    v23 = NAC
   │    v24 = NAC
   │    v25 = NAC
   │    v3 = UNDEF
   │    v4 = UNDEF
   │    v7 = UNDEF
   │    v8 = UNDEF
   │    v9 = NAC
   └─ OUT:
        i = NAC
        max = NAC
        min = NAC
        target = UNDEF
        v0 = UNDEF
        v1 = UNDEF
        v10 = UNDEF
        v11 = NAC
        v12 = NAC
        v14 = NAC
        v15 = UNDEF
        v16 = NAC
        v17 = NAC
        v19 = NAC
        v2 = UNDEF
        v20 = UNDEF
        v21 = NAC
        v22 = NAC
        v23 = NAC
        v24 = NAC
        v25 = NAC
        v3 = UNDEF
        v4 = UNDEF
        v7 = UNDEF
        v8 = UNDEF
        v9 = NAC

 Block: for.body.6
   ┌─ IN:
   │    i = NAC
   │    max = NAC
   │    min = NAC
   │    target = UNDEF
   │    v0 = UNDEF
   │    v1 = UNDEF
   │    v10 = UNDEF
   │    v11 = NAC
   │    v12 = NAC
   │    v14 = NAC
   │    v15 = UNDEF
   │    v16 = NAC
   │    v17 = NAC
   │    v19 = NAC
   │    v2 = UNDEF
   │    v20 = UNDEF
   │    v21 = NAC
   │    v22 = NAC
   │    v23 = NAC
   │    v24 = NAC
   │    v25 = NAC
   │    v3 = UNDEF
   │    v4 = UNDEF
   │    v7 = UNDEF
   │    v8 = UNDEF
   │    v9 = NAC
   └─ OUT:
        i = NAC
        max = NAC
        min = NAC
        target = UNDEF
        v0 = UNDEF
        v1 = UNDEF
        v10 = UNDEF
        v11 = NAC
        v12 = NAC
        v14 = NAC
        v15 = UNDEF
        v16 = NAC
        v17 = NAC
        v19 = NAC
        v2 = UNDEF
        v20 = UNDEF
        v21 = NAC
        v22 = NAC
        v23 = NAC
        v24 = NAC
        v25 = NAC
        v3 = UNDEF
        v4 = UNDEF
        v7 = UNDEF
        v8 = UNDEF
        v9 = NAC

 Block: for.cond.6
   ┌─ IN:
   │    i = NAC
   │    max = NAC
   │    min = NAC
   │    target = UNDEF
   │    v0 = UNDEF
   │    v1 = UNDEF
   │    v10 = UNDEF
   │    v11 = NAC
   │    v12 = NAC
   │    v14 = NAC
   │    v15 = UNDEF
   │    v16 = NAC
   │    v17 = NAC
   │    v19 = NAC
   │    v2 = UNDEF
   │    v20 = UNDEF
   │    v21 = NAC
   │    v22 = NAC
   │    v23 = NAC
   │    v24 = NAC
   │    v25 = NAC
   │    v3 = UNDEF
   │    v4 = UNDEF
   │    v7 = UNDEF
   │    v8 = UNDEF
   │    v9 = NAC
   └─ OUT:
        i = NAC
        max = NAC
        min = NAC
        target = UNDEF
        v0 = UNDEF
        v1 = UNDEF
        v10 = UNDEF
        v11 = NAC
        v12 = NAC
        v14 = NAC
        v15 = UNDEF
        v16 = NAC
        v17 = NAC
        v19 = NAC
        v2 = UNDEF
        v20 = UNDEF
        v21 = NAC
        v22 = NAC
        v23 = NAC
        v24 = NAC
        v25 = NAC
        v3 = UNDEF
        v4 = UNDEF
        v7 = UNDEF
        v8 = UNDEF
        v9 = NAC

 Block: for.end.6
   ┌─ IN:
   │    i = NAC
   │    max = NAC
   │    min = NAC
   │    target = UNDEF
   │    v0 = UNDEF
   │    v1 = UNDEF
   │    v10 = UNDEF
   │    v11 = NAC
   │    v12 = NAC
   │    v14 = NAC
   │    v15 = UNDEF
   │    v16 = NAC
   │    v17 = NAC
   │    v19 = NAC
   │    v2 = UNDEF
   │    v20 = UNDEF
   │    v21 = NAC
   │    v22 = NAC
   │    v23 = NAC
   │    v24 = NAC
   │    v25 = NAC
   │    v3 = UNDEF
   │    v4 = UNDEF
   │    v7 = UNDEF
   │    v8 = UNDEF
   │    v9 = NAC
   └─ OUT:
        i = NAC
        max = NAC
        min = NAC
        target = UNDEF
        v0 = UNDEF
        v1 = UNDEF
        v10 = UNDEF
        v11 = NAC
        v12 = NAC
        v14 = NAC
        v15 = UNDEF
        v16 = NAC
        v17 = NAC
        v19 = NAC
        v2 = UNDEF
        v20 = UNDEF
        v21 = NAC
        v22 = NAC
        v23 = NAC
        v24 = NAC
        v25 = NAC
        v26 = NAC
        v27 = 0
        v3 = UNDEF
        v4 = UNDEF
        v7 = UNDEF
        v8 = UNDEF
        v9 = NAC

 Block: then.13
   ┌─ IN:
   │    i = NAC
   │    max = NAC
   │    min = NAC
   │    target = UNDEF
   │    v0 = UNDEF
   │    v1 = UNDEF
   │    v10 = UNDEF
   │    v11 = NAC
   │    v12 = NAC
   │    v14 = NAC
   │    v15 = UNDEF
   │    v16 = NAC
   │    v17 = NAC
   │    v19 = NAC
   │    v2 = UNDEF
   │    v20 = UNDEF
   │    v21 = NAC
   │    v22 = NAC
   │    v23 = NAC
   │    v24 = NAC
   │    v25 = NAC
   │    v3 = UNDEF
   │    v4 = UNDEF
   │    v7 = UNDEF
   │    v8 = UNDEF
   │    v9 = NAC
   └─ OUT:
        i = NAC
        max = NAC
        min = NAC
        target = UNDEF
        v0 = UNDEF
        v1 = UNDEF
        v10 = UNDEF
        v11 = NAC
        v12 = NAC
        v14 = NAC
        v15 = UNDEF
        v16 = NAC
        v17 = NAC
        v19 = NAC
        v2 = UNDEF
        v20 = UNDEF
        v21 = NAC
        v22 = NAC
        v23 = NAC
        v24 = NAC
        v25 = NAC
        v3 = UNDEF
        v4 = UNDEF
        v7 = UNDEF
        v8 = UNDEF
        v9 = NAC

 Block: then.18
   ┌─ IN:
   │    i = NAC
   │    max = NAC
   │    min = NAC
   │    target = UNDEF
   │    v0 = UNDEF
   │    v1 = UNDEF
   │    v10 = UNDEF
   │    v11 = NAC
   │    v12 = NAC
   │    v14 = NAC
   │    v15 = UNDEF
   │    v16 = NAC
   │    v17 = NAC
   │    v19 = NAC
   │    v2 = UNDEF
   │    v20 = UNDEF
   │    v21 = NAC
   │    v22 = NAC
   │    v23 = NAC
   │    v24 = NAC
   │    v25 = NAC
   │    v3 = UNDEF
   │    v4 = UNDEF
   │    v7 = UNDEF
   │    v8 = UNDEF
   │    v9 = NAC
   └─ OUT:
        i = NAC
        max = NAC
        min = NAC
        target = UNDEF
        v0 = UNDEF
        v1 = UNDEF
        v10 = UNDEF
        v11 = NAC
        v12 = NAC
        v14 = NAC
        v15 = UNDEF
        v16 = NAC
        v17 = NAC
        v19 = NAC
        v2 = UNDEF
        v20 = UNDEF
        v21 = NAC
        v22 = NAC
        v23 = NAC
        v24 = NAC
        v25 = NAC
        v3 = UNDEF
        v4 = UNDEF
        v7 = UNDEF
        v8 = UNDEF
        v9 = NAC

 Block: v0
   ┌─ IN:
   │    max = UNDEF
   │    min = UNDEF
   │    target = UNDEF
   └─ OUT:
        i = NAC
        max = UNDEF
        min = UNDEF
        target = UNDEF
        v0 = UNDEF
        v1 = UNDEF
        v2 = UNDEF
        v3 = UNDEF
        v4 = UNDEF
        v7 = UNDEF
        v8 = UNDEF

DataFlow ConstProp analysis for function 'midpoint'
---------------------------------------------

 Block: v0
   ┌─ IN:
   │    max = UNDEF
   │    min = UNDEF
   └─ OUT:
        max = UNDEF
        min = UNDEF
        sum = NAC
        v0 = UNDEF
        v1 = UNDEF
        v2 = NAC
        v3 = NAC
        v4 = 2
        v5 = NAC
