
DataFlow ConstProp analysis for function 'main'
---------------------------------------------

 Block: else.21
   ┌─ IN:
   │    div3 = NAC
   │    div5 = NAC
   │    index = NAC
   │    input = UNDEF
   │    isBuzz = NAC
   │    isFizz = NAC
   │    v1 = 1
   │    v10 = NAC
   │    v11 = NAC
   │    v12 = NAC
   │    v13 = NAC
   │    v14 = 5
   │    v15 = NAC
   │    v16 = NAC
   │    v17 = 5
   │    v18 = NAC
   │    v19 = NAC
   │    v2 = NAC
   │    v20 = NAC
   │    v22 = NAC
   │    v24 = NAC
   │    v25 = 0
   │    v26 = 1
   │    v27 = -1
   │    v28 = 0
   │    v29 = 0
   │    v30 = 2
   │    v31 = -2
   │    v32 = 0
   │    v34 = NAC
   │    v35 = 0
   │    v36 = 3
   │    v37 = -3
   │    v38 = 0
   │    v39 = NAC
   │    v4 = NAC
   │    v40 = 0
   │    v41 = NAC
   │    v42 = 1
   │    v43 = NAC
   │    v5 = NAC
   │    v6 = 3
   │    v7 = NAC
   │    v8 = NAC
   │    v9 = 3
   └─ OUT:
        div3 = NAC
        div5 = NAC
        index = NAC
        input = UNDEF
        isBuzz = NAC
        isFizz = NAC
        v1 = 1
        v10 = NAC
        v11 = NAC
        v12 = NAC
        v13 = NAC
        v14 = 5
        v15 = NAC
        v16 = NAC
        v17 = 5
        v18 = NAC
        v19 = NAC
        v2 = NAC
        v20 = NAC
        v22 = NAC
        v24 = NAC
        v25 = 0
        v26 = 1
        v27 = -1
        v28 = 0
        v29 = 0
        v30 = 2
        v31 = -2
        v32 = 0
        v34 = NAC
        v35 = 0
        v36 = 3
        v37 = -3
        v38 = 0
        v39 = NAC
        v4 = NAC
        v40 = 0
        v41 = NAC
        v42 = 1
        v43 = NAC
        v5 = NAC
        v6 = 3
        v7 = NAC
        v8 = NAC
        v9 = 3

 Block: else.23
   ┌─ IN:
   │    div3 = NAC
   │    div5 = NAC
   │    index = NAC
   │    input = UNDEF
   │    isBuzz = NAC
   │    isFizz = NAC
   │    v1 = 1
   │    v10 = NAC
   │    v11 = NAC
   │    v12 = NAC
   │    v13 = NAC
   │    v14 = 5
   │    v15 = NAC
   │    v16 = NAC
   │    v17 = 5
   │    v18 = NAC
   │    v19 = NAC
   │    v2 = NAC
   │    v20 = NAC
   │    v22 = NAC
   │    v24 = NAC
   │    v25 = 0
   │    v26 = 1
   │    v27 = -1
   │    v28 = 0
   │    v29 = 0
   │    v30 = 2
   │    v31 = -2
   │    v32 = 0
   │    v34 = NAC
   │    v35 = 0
   │    v36 = 3
   │    v37 = -3
   │    v38 = 0
   │    v39 = NAC
   │    v4 = NAC
   │    v40 = 0
   │    v41 = NAC
   │    v42 = 1
   │    v43 = NAC
   │    v5 = NAC
   │    v6 = 3
   │    v7 = NAC
   │    v8 = NAC
   │    v9 = 3
   └─ OUT:
        div3 = NAC
        div5 = NAC
        index = NAC
        input = UNDEF
        isBuzz = NAC
        isFizz = NAC
        v1 = 1
        v10 = NAC
        v11 = NAC
        v12 = NAC
        v13 = NAC
        v14 = 5
        v15 = NAC
        v16 = NAC
        v17 = 5
        v18 = NAC
        v19 = NAC
        v2 = NAC
        v20 = NAC
        v22 = NAC
        v24 = NAC
        v25 = 0
        v26 = 1
        v27 = -1
        v28 = 0
        v29 = 0
        v30 = 2
        v31 = -2
        v32 = 0
        v34 = NAC
        v35 = 0
        v36 = 3
        v37 = -3
        v38 = 0
        v39 = NAC
        v4 = NAC
        v40 = 0
        v41 = NAC
        v42 = 1
        v43 = NAC
        v5 = NAC
        v6 = 3
        v7 = NAC
        v8 = NAC
        v9 = 3

 Block: else.33
   ┌─ IN:
   │    div3 = NAC
   │    div5 = NAC
   │    index = NAC
   │    input = UNDEF
   │    isBuzz = NAC
   │    isFizz = NAC
   │    v1 = 1
   │    v10 = NAC
   │    v11 = NAC
   │    v12 = NAC
   │    v13 = NAC
   │    v14 = 5
   │    v15 = NAC
   │    v16 = NAC
   │    v17 = 5
   │    v18 = NAC
   │    v19 = NAC
   │    v2 = NAC
   │    v20 = NAC
   │    v22 = NAC
   │    v24 = NAC
   │    v25 = 0
   │    v26 = 1
   │    v27 = -1
   │    v28 = 0
   │    v29 = 0
   │    v30 = 2
   │    v31 = -2
   │    v32 = 0
   │    v34 = NAC
   │    v35 = 0
   │    v36 = 3
   │    v37 = -3
   │    v38 = 0
   │    v39 = NAC
   │    v4 = NAC
   │    v40 = 0
   │    v41 = NAC
   │    v42 = 1
   │    v43 = NAC
   │    v5 = NAC
   │    v6 = 3
   │    v7 = NAC
   │    v8 = NAC
   │    v9 = 3
   └─ OUT:
        div3 = NAC
        div5 = NAC
        index = NAC
        input = UNDEF
        isBuzz = NAC
        isFizz = NAC
        v1 = 1
        v10 = NAC
        v11 = NAC
        v12 = NAC
        v13 = NAC
        v14 = 5
        v15 = NAC
        v16 = NAC
        v17 = 5
        v18 = NAC
        v19 = NAC
        v2 = NAC
        v20 = NAC
        v22 = NAC
        v24 = NAC
        v25 = 0
        v26 = 1
        v27 = -1
        v28 = 0
        v29 = 0
        v30 = 2
        v31 = -2
        v32 = 0
        v34 = NAC
        v35 = 0
        v36 = 3
        v37 = -3
        v38 = 0
        v39 = NAC
        v4 = NAC
        v40 = 0
        v41 = NAC
        v42 = 1
        v43 = NAC
        v5 = NAC
        v6 = 3
        v7 = NAC
        v8 = NAC
        v9 = 3

 Block: endif.21
   ┌─ IN:
   │    div3 = NAC
   │    div5 = NAC
   │    index = NAC
   │    input = UNDEF
   │    isBuzz = NAC
   │    isFizz = NAC
   │    v1 = 1
   │    v10 = NAC
   │    v11 = NAC
   │    v12 = NAC
   │    v13 = NAC
   │    v14 = 5
   │    v15 = NAC
   │    v16 = NAC
   │    v17 = 5
   │    v18 = NAC
   │    v19 = NAC
   │    v2 = NAC
   │    v20 = NAC
   │    v22 = NAC
   │    v24 = NAC
   │    v25 = 0
   │    v26 = 1
   │    v27 = -1
   │    v28 = 0
   │    v29 = 0
   │    v30 = 2
   │    v31 = -2
   │    v32 = 0
   │    v34 = NAC
   │    v35 = 0
   │    v36 = 3
   │    v37 = -3
   │    v38 = 0
   │    v39 = NAC
   │    v4 = NAC
   │    v40 = 0
   │    v41 = NAC
   │    v42 = 1
   │    v43 = NAC
   │    v5 = NAC
   │    v6 = 3
   │    v7 = NAC
   │    v8 = NAC
   │    v9 = 3
   └─ OUT:
        div3 = NAC
        div5 = NAC
        index = NAC
        input = UNDEF
        isBuzz = NAC
        isFizz = NAC
        v1 = 1
        v10 = NAC
        v11 = NAC
        v12 = NAC
        v13 = NAC
        v14 = 5
        v15 = NAC
        v16 = NAC
        v17 = 5
        v18 = NAC
        v19 = NAC
        v2 = NAC
        v20 = NAC
        v22 = NAC
        v24 = NAC
        v25 = 0
        v26 = 1
        v27 = -1
        v28 = 0
        v29 = 0
        v30 = 2
        v31 = -2
        v32 = 0
        v34 = NAC
        v35 = 0
        v36 = 3
        v37 = -3
        v38 = 0
        v39 = NAC
        v4 = NAC
        v40 = 0
        v41 = NAC
        v42 = 1
        v43 = NAC
        v5 = NAC
        v6 = 3
        v7 = NAC
        v8 = NAC
        v9 = 3

 Block: endif.23
   ┌─ IN:
   │    div3 = NAC
   │    div5 = NAC
   │    index = NAC
   │    input = UNDEF
   │    isBuzz = NAC
   │    isFizz = NAC
   │    v1 = 1
   │    v10 = NAC
   │    v11 = NAC
   │    v12 = NAC
   │    v13 = NAC
   │    v14 = 5
   │    v15 = NAC
   │    v16 = NAC
   │    v17 = 5
   │    v18 = NAC
   │    v19 = NAC
   │    v2 = NAC
   │    v20 = NAC
   │    v22 = NAC
   │    v24 = NAC
   │    v25 = 0
   │    v26 = 1
   │    v27 = -1
   │    v28 = 0
   │    v29 = 0
   │    v30 = 2
   │    v31 = -2
   │    v32 = 0
   │    v34 = NAC
   │    v35 = 0
   │    v36 = 3
   │    v37 = -3
   │    v38 = 0
   │    v39 = NAC
   │    v4 = NAC
   │    v40 = 0
   │    v41 = NAC
   │    v42 = 1
   │    v43 = NAC
   │    v5 = NAC
   │    v6 = 3
   │    v7 = NAC
   │    v8 = NAC
   │    v9 = 3
   └─ OUT:
        div3 = NAC
        div5 = NAC
        index = NAC
        input = UNDEF
        isBuzz = NAC
        isFizz = NAC
        v1 = 1
        v10 = NAC
        v11 = NAC
        v12 = NAC
        v13 = NAC
        v14 = 5
        v15 = NAC
        v16 = NAC
        v17 = 5
        v18 = NAC
        v19 = NAC
        v2 = NAC
        v20 = NAC
        v22 = NAC
        v24 = NAC
        v25 = 0
        v26 = 1
        v27 = -1
        v28 = 0
        v29 = 0
        v30 = 2
        v31 = -2
        v32 = 0
        v34 = NAC
        v35 = 0
        v36 = 3
        v37 = -3
        v38 = 0
        v39 = NAC
        v4 = NAC
        v40 = 0
        v41 = NAC
        v42 = 1
        v43 = NAC
        v5 = NAC
        v6 = 3
        v7 = NAC
        v8 = NAC
        v9 = 3

 Block: endif.33
   ┌─ IN:
   │    div3 = NAC
   │    div5 = NAC
   │    index = NAC
   │    input = UNDEF
   │    isBuzz = NAC
   │    isFizz = NAC
   │    v1 = 1
   │    v10 = NAC
   │    v11 = NAC
   │    v12 = NAC
   │    v13 = NAC
   │    v14 = 5
   │    v15 = NAC
   │    v16 = NAC
   │    v17 = 5
   │    v18 = NAC
   │    v19 = NAC
   │    v2 = NAC
   │    v20 = NAC
   │    v22 = NAC
   │    v24 = NAC
   │    v25 = 0
   │    v26 = 1
   │    v27 = -1
   │    v28 = 0
   │    v29 = 0
   │    v30 = 2
   │    v31 = -2
   │    v32 = 0
   │    v34 = NAC
   │    v35 = 0
   │    v36 = 3
   │    v37 = -3
   │    v38 = 0
   │    v39 = NAC
   │    v4 = NAC
   │    v40 = 0
   │    v41 = NAC
   │    v42 = 1
   │    v43 = NAC
   │    v5 = NAC
   │    v6 = 3
   │    v7 = NAC
   │    v8 = NAC
   │    v9 = 3
   └─ OUT:
        div3 = NAC
        div5 = NAC
        index = NAC
        input = UNDEF
        isBuzz = NAC
        isFizz = NAC
        v1 = 1
        v10 = NAC
        v11 = NAC
        v12 = NAC
        v13 = NAC
        v14 = 5
        v15 = NAC
        v16 = NAC
        v17 = 5
        v18 = NAC
        v19 = NAC
        v2 = NAC
        v20 = NAC
        v22 = NAC
        v24 = NAC
        v25 = 0
        v26 = 1
        v27 = -1
        v28 = 0
        v29 = 0
        v30 = 2
        v31 = -2
        v32 = 0
        v34 = NAC
        v35 = 0
        v36 = 3
        v37 = -3
        v38 = 0
        v39 = NAC
        v4 = NAC
        v40 = 0
        v41 = NAC
        v42 = 1
        v43 = NAC
        v5 = NAC
        v6 = 3
        v7 = NAC
        v8 = NAC
        v9 = 3

 Block: for.body.0
   ┌─ IN:
   │    div3 = NAC
   │    div5 = NAC
   │    index = NAC
   │    input = UNDEF
   │    isBuzz = NAC
   │    isFizz = NAC
   │    v1 = 1
   │    v10 = NAC
   │    v11 = NAC
   │    v12 = NAC
   │    v13 = NAC
   │    v14 = 5
   │    v15 = NAC
   │    v16 = NAC
   │    v17 = 5
   │    v18 = NAC
   │    v19 = NAC
   │    v2 = NAC
   │    v20 = NAC
   │    v22 = NAC
   │    v24 = NAC
   │    v25 = 0
   │    v26 = 1
   │    v27 = -1
   │    v28 = 0
   │    v29 = 0
   │    v30 = 2
   │    v31 = -2
   │    v32 = 0
   │    v34 = NAC
   │    v35 = 0
   │    v36 = 3
   │    v37 = -3
   │    v38 = 0
   │    v39 = NAC
   │    v4 = NAC
   │    v40 = 0
   │    v41 = NAC
   │    v42 = 1
   │    v43 = NAC
   │    v5 = NAC
   │    v6 = 3
   │    v7 = NAC
   │    v8 = NAC
   │    v9 = 3
   └─ OUT:
        div3 = NAC
        div5 = NAC
        index = NAC
        input = UNDEF
        isBuzz = NAC
        isFizz = NAC
        v1 = 1
        v10 = NAC
        v11 = NAC
        v12 = NAC
        v13 = NAC
        v14 = 5
        v15 = NAC
        v16 = NAC
        v17 = 5
        v18 = NAC
        v19 = NAC
        v2 = NAC
        v20 = NAC
        v22 = NAC
        v24 = NAC
        v25 = 0
        v26 = 1
        v27 = -1
        v28 = 0
        v29 = 0
        v30 = 2
        v31 = -2
        v32 = 0
        v34 = NAC
        v35 = 0
        v36 = 3
        v37 = -3
        v38 = 0
        v39 = NAC
        v4 = NAC
        v40 = 0
        v41 = NAC
        v42 = 1
        v43 = NAC
        v5 = NAC
        v6 = 3
        v7 = NAC
        v8 = NAC
        v9 = 3

 Block: for.cond.0
   ┌─ IN:
   │    div3 = NAC
   │    div5 = NAC
   │    index = NAC
   │    input = UNDEF
   │    isBuzz = NAC
   │    isFizz = NAC
   │    v1 = 1
   │    v10 = NAC
   │    v11 = NAC
   │    v12 = NAC
   │    v13 = NAC
   │    v14 = 5
   │    v15 = NAC
   │    v16 = NAC
   │    v17 = 5
   │    v18 = NAC
   │    v19 = NAC
   │    v2 = NAC
   │    v20 = NAC
   │    v22 = NAC
   │    v24 = NAC
   │    v25 = 0
   │    v26 = 1
   │    v27 = -1
   │    v28 = 0
   │    v29 = 0
   │    v30 = 2
   │    v31 = -2
   │    v32 = 0
   │    v34 = NAC
   │    v35 = 0
   │    v36 = 3
   │    v37 = -3
   │    v38 = 0
   │    v39 = NAC
   │    v4 = NAC
   │    v40 = 0
   │    v41 = NAC
   │    v42 = 1
   │    v43 = NAC
   │    v5 = NAC
   │    v6 = 3
   │    v7 = NAC
   │    v8 = NAC
   │    v9 = 3
   └─ OUT:
        div3 = NAC
        div5 = NAC
        index = NAC
        input = UNDEF
        isBuzz = NAC
        isFizz = NAC
        v1 = 1
        v10 = NAC
        v11 = NAC
        v12 = NAC
        v13 = NAC
        v14 = 5
        v15 = NAC
        v16 = NAC
        v17 = 5
        v18 = NAC
        v19 = NAC
        v2 = NAC
        v20 = NAC
        v22 = NAC
        v24 = NAC
        v25 = 0
        v26 = 1
        v27 = -1
        v28 = 0
        v29 = 0
        v30 = 2
        v31 = -2
        v32 = 0
        v34 = NAC
        v35 = 0
        v36 = 3
        v37 = -3
        v38 = 0
        v39 = NAC
        v4 = NAC
        v40 = 0
        v41 = NAC
        v42 = 1
        v43 = NAC
        v5 = NAC
        v6 = 3
        v7 = NAC
        v8 = NAC
        v9 = 3

 Block: for.end.0
   ┌─ IN:
   │    div3 = NAC
   │    div5 = NAC
   │    index = NAC
   │    input = UNDEF
   │    isBuzz = NAC
   │    isFizz = NAC
   │    v1 = 1
   │    v10 = NAC
   │    v11 = NAC
   │    v12 = NAC
   │    v13 = NAC
   │    v14 = 5
   │    v15 = NAC
   │    v16 = NAC
   │    v17 = 5
   │    v18 = NAC
   │    v19 = NAC
   │    v2 = NAC
   │    v20 = NAC
   │    v22 = NAC
   │    v24 = NAC
   │    v25 = 0
   │    v26 = 1
   │    v27 = -1
   │    v28 = 0
   │    v29 = 0
   │    v30 = 2
   │    v31 = -2
   │    v32 = 0
   │    v34 = NAC
   │    v35 = 0
   │    v36 = 3
   │    v37 = -3
   │    v38 = 0
   │    v39 = NAC
   │    v4 = NAC
   │    v40 = 0
   │    v41 = NAC
   │    v42 = 1
   │    v43 = NAC
   │    v5 = NAC
   │    v6 = 3
   │    v7 = NAC
   │    v8 = NAC
   │    v9 = 3
   └─ OUT:
        div3 = NAC
        div5 = NAC
        index = NAC
        input = UNDEF
        isBuzz = NAC
        isFizz = NAC
        v1 = 1
        v10 = NAC
        v11 = NAC
        v12 = NAC
        v13 = NAC
        v14 = 5
        v15 = NAC
        v16 = NAC
        v17 = 5
        v18 = NAC
        v19 = NAC
        v2 = NAC
        v20 = NAC
        v22 = NAC
        v24 = NAC
        v25 = 0
        v26 = 1
        v27 = -1
        v28 = 0
        v29 = 0
        v30 = 2
        v31 = -2
        v32 = 0
        v34 = NAC
        v35 = 0
        v36 = 3
        v37 = -3
        v38 = 0
        v39 = NAC
        v4 = NAC
        v40 = 0
        v41 = NAC
        v42 = 1
        v43 = NAC
        v5 = NAC
        v6 = 3
        v7 = NAC
        v8 = NAC
        v9 = 3

 Block: then.21
   ┌─ IN:
   │    div3 = NAC
   │    div5 = NAC
   │    index = NAC
   │    input = UNDEF
   │    isBuzz = NAC
   │    isFizz = NAC
   │    v1 = 1
   │    v10 = NAC
   │    v11 = NAC
   │    v12 = NAC
   │    v13 = NAC
   │    v14 = 5
   │    v15 = NAC
   │    v16 = NAC
   │    v17 = 5
   │    v18 = NAC
   │    v19 = NAC
   │    v2 = NAC
   │    v20 = NAC
   │    v22 = NAC
   │    v24 = NAC
   │    v25 = 0
   │    v26 = 1
   │    v27 = -1
   │    v28 = 0
   │    v29 = 0
   │    v30 = 2
   │    v31 = -2
   │    v32 = 0
   │    v34 = NAC
   │    v35 = 0
   │    v36 = 3
   │    v37 = -3
   │    v38 = 0
   │    v39 = NAC
   │    v4 = NAC
   │    v40 = 0
   │    v41 = NAC
   │    v42 = 1
   │    v43 = NAC
   │    v5 = NAC
   │    v6 = 3
   │    v7 = NAC
   │    v8 = NAC
   │    v9 = 3
   └─ OUT:
        div3 = NAC
        div5 = NAC
        index = NAC
        input = UNDEF
        isBuzz = NAC
        isFizz = NAC
        v1 = 1
        v10 = NAC
        v11 = NAC
        v12 = NAC
        v13 = NAC
        v14 = 5
        v15 = NAC
        v16 = NAC
        v17 = 5
        v18 = NAC
        v19 = NAC
        v2 = NAC
        v20 = NAC
        v22 = NAC
        v24 = NAC
        v25 = 0
        v26 = 1
        v27 = -1
        v28 = 0
        v29 = 0
        v30 = 2
        v31 = -2
        v32 = 0
        v34 = NAC
        v35 = 0
        v36 = 3
        v37 = -3
        v38 = 0
        v39 = NAC
        v4 = NAC
        v40 = 0
        v41 = NAC
        v42 = 1
        v43 = NAC
        v5 = NAC
        v6 = 3
        v7 = NAC
        v8 = NAC
        v9 = 3

 Block: then.23
   ┌─ IN:
   │    div3 = NAC
   │    div5 = NAC
   │    index = NAC
   │    input = UNDEF
   │    isBuzz = NAC
   │    isFizz = NAC
   │    v1 = 1
   │    v10 = NAC
   │    v11 = NAC
   │    v12 = NAC
   │    v13 = NAC
   │    v14 = 5
   │    v15 = NAC
   │    v16 = NAC
   │    v17 = 5
   │    v18 = NAC
   │    v19 = NAC
   │    v2 = NAC
   │    v20 = NAC
   │    v22 = NAC
   │    v24 = NAC
   │    v25 = 0
   │    v26 = 1
   │    v27 = -1
   │    v28 = 0
   │    v29 = 0
   │    v30 = 2
   │    v31 = -2
   │    v32 = 0
   │    v34 = NAC
   │    v35 = 0
   │    v36 = 3
   │    v37 = -3
   │    v38 = 0
   │    v39 = NAC
   │    v4 = NAC
   │    v40 = 0
   │    v41 = NAC
   │    v42 = 1
   │    v43 = NAC
   │    v5 = NAC
   │    v6 = 3
   │    v7 = NAC
   │    v8 = NAC
   │    v9 = 3
   └─ OUT:
        div3 = NAC
        div5 = NAC
        index = NAC
        input = UNDEF
        isBuzz = NAC
        isFizz = NAC
        v1 = 1
        v10 = NAC
        v11 = NAC
        v12 = NAC
        v13 = NAC
        v14 = 5
        v15 = NAC
        v16 = NAC
        v17 = 5
        v18 = NAC
        v19 = NAC
        v2 = NAC
        v20 = NAC
        v22 = NAC
        v24 = NAC
        v25 = 0
        v26 = 1
        v27 = -1
        v28 = 0
        v29 = 0
        v30 = 2
        v31 = -2
        v32 = 0
        v34 = NAC
        v35 = 0
        v36 = 3
        v37 = -3
        v38 = 0
        v39 = NAC
        v4 = NAC
        v40 = 0
        v41 = NAC
        v42 = 1
        v43 = NAC
        v5 = NAC
        v6 = 3
        v7 = NAC
        v8 = NAC
        v9 = 3

 Block: then.33
   ┌─ IN:
   │    div3 = NAC
   │    div5 = NAC
   │    index = NAC
   │    input = UNDEF
   │    isBuzz = NAC
   │    isFizz = NAC
   │    v1 = 1
   │    v10 = NAC
   │    v11 = NAC
   │    v12 = NAC
   │    v13 = NAC
   │    v14 = 5
   │    v15 = NAC
   │    v16 = NAC
   │    v17 = 5
   │    v18 = NAC
   │    v19 = NAC
   │    v2 = NAC
   │    v20 = NAC
   │    v22 = NAC
   │    v24 = NAC
   │    v25 = 0
   │    v26 = 1
   │    v27 = -1
   │    v28 = 0
   │    v29 = 0
   │    v30 = 2
   │    v31 = -2
   │    v32 = 0
   │    v34 = NAC
   │    v35 = 0
   │    v36 = 3
   │    v37 = -3
   │    v38 = 0
   │    v39 = NAC
   │    v4 = NAC
   │    v40 = 0
   │    v41 = NAC
   │    v42 = 1
   │    v43 = NAC
   │    v5 = NAC
   │    v6 = 3
   │    v7 = NAC
   │    v8 = NAC
   │    v9 = 3
   └─ OUT:
        div3 = NAC
        div5 = NAC
        index = NAC
        input = UNDEF
        isBuzz = NAC
        isFizz = NAC
        v1 = 1
        v10 = NAC
        v11 = NAC
        v12 = NAC
        v13 = NAC
        v14 = 5
        v15 = NAC
        v16 = NAC
        v17 = 5
        v18 = NAC
        v19 = NAC
        v2 = NAC
        v20 = NAC
        v22 = NAC
        v24 = NAC
        v25 = 0
        v26 = 1
        v27 = -1
        v28 = 0
        v29 = 0
        v30 = 2
        v31 = -2
        v32 = 0
        v34 = NAC
        v35 = 0
        v36 = 3
        v37 = -3
        v38 = 0
        v39 = NAC
        v4 = NAC
        v40 = 0
        v41 = NAC
        v42 = 1
        v43 = NAC
        v5 = NAC
        v6 = 3
        v7 = NAC
        v8 = NAC
        v9 = 3

 Block: v1
   ┌─ IN:
   │    input = UNDEF
   └─ OUT:
        index = 1
        input = UNDEF
        v1 = 1
