
DataFlow ConstProp analysis for function 'main'
---------------------------------------------

 Block: out
   ┌─ IN:
   │    base = UNDEF
   │    exp = UNDEF
   │    mod = UNDEF
   └─ OUT:
        base = UNDEF
        exp = UNDEF
        mod = UNDEF
        out = NAC

DataFlow ConstProp analysis for function 'mod_pow'
---------------------------------------------

 Block: else.0
   ┌─ IN:
   │    b = UNDEF
   │    e = UNDEF
   │    m = UNDEF
   │    v1 = UNDEF
   │    v2 = 1
   │    v3 = NAC
   └─ OUT:
        b = UNDEF
        base = NAC
        e = UNDEF
        exp = UNDEF
        m = UNDEF
        result = 1
        v1 = UNDEF
        v2 = 1
        v3 = NAC
        v5 = 1
        v6 = UNDEF
        v7 = UNDEF
        v9 = UNDEF

 Block: else.15
   ┌─ IN:
   │    b = UNDEF
   │    base = NAC
   │    bit = NAC
   │    e = UNDEF
   │    exp = NAC
   │    m = UNDEF
   │    result = NAC
   │    v1 = UNDEF
   │    v10 = NAC
   │    v11 = 0
   │    v12 = NAC
   │    v13 = NAC
   │    v14 = 2
   │    v16 = NAC
   │    v17 = 1
   │    v18 = NAC
   │    v19 = NAC
   │    v2 = 1
   │    v20 = NAC
   │    v21 = NAC
   │    v22 = NAC
   │    v23 = UNDEF
   │    v24 = NAC
   │    v25 = NAC
   │    v26 = NAC
   │    v27 = NAC
   │    v28 = NAC
   │    v29 = UNDEF
   │    v3 = NAC
   │    v30 = NAC
   │    v31 = NAC
   │    v32 = 2
   │    v33 = NAC
   │    v5 = 1
   │    v6 = UNDEF
   │    v7 = UNDEF
   │    v9 = UNDEF
   └─ OUT:
        b = UNDEF
        base = NAC
        bit = NAC
        e = UNDEF
        exp = NAC
        m = UNDEF
        result = NAC
        v1 = UNDEF
        v10 = NAC
        v11 = 0
        v12 = NAC
        v13 = NAC
        v14 = 2
        v16 = NAC
        v17 = 1
        v18 = NAC
        v19 = NAC
        v2 = 1
        v20 = NAC
        v21 = NAC
        v22 = NAC
        v23 = UNDEF
        v24 = NAC
        v25 = NAC
        v26 = NAC
        v27 = NAC
        v28 = NAC
        v29 = UNDEF
        v3 = NAC
        v30 = NAC
        v31 = NAC
        v32 = 2
        v33 = NAC
        v5 = 1
        v6 = UNDEF
        v7 = UNDEF
        v9 = UNDEF

 Block: endif.15
   ┌─ IN:
   │    b = UNDEF
   │    base = NAC
   │    bit = NAC
   │    e = UNDEF
   │    exp = NAC
   │    m = UNDEF
   │    result = NAC
   │    v1 = UNDEF
   │    v10 = NAC
   │    v11 = 0
   │    v12 = NAC
   │    v13 = NAC
   │    v14 = 2
   │    v16 = NAC
   │    v17 = 1
   │    v18 = NAC
   │    v19 = NAC
   │    v2 = 1
   │    v20 = NAC
   │    v21 = NAC
   │    v22 = NAC
   │    v23 = UNDEF
   │    v24 = NAC
   │    v25 = NAC
   │    v26 = NAC
   │    v27 = NAC
   │    v28 = NAC
   │    v29 = UNDEF
   │    v3 = NAC
   │    v30 = NAC
   │    v31 = NAC
   │    v32 = 2
   │    v33 = NAC
   │    v5 = 1
   │    v6 = UNDEF
   │    v7 = UNDEF
   │    v9 = UNDEF
   └─ OUT:
        b = UNDEF
        base = NAC
        bit = NAC
        e = UNDEF
        exp = NAC
        m = UNDEF
        result = NAC
        v1 = UNDEF
        v10 = NAC
        v11 = 0
        v12 = NAC
        v13 = NAC
        v14 = 2
        v16 = NAC
        v17 = 1
        v18 = NAC
        v19 = NAC
        v2 = 1
        v20 = NAC
        v21 = NAC
        v22 = NAC
        v23 = UNDEF
        v24 = NAC
        v25 = NAC
        v26 = NAC
        v27 = NAC
        v28 = NAC
        v29 = UNDEF
        v3 = NAC
        v30 = NAC
        v31 = NAC
        v32 = 2
        v33 = NAC
        v5 = 1
        v6 = UNDEF
        v7 = UNDEF
        v9 = UNDEF

 Block: for.body.8
   ┌─ IN:
   │    b = UNDEF
   │    base = NAC
   │    bit = NAC
   │    e = UNDEF
   │    exp = NAC
   │    m = UNDEF
   │    result = NAC
   │    v1 = UNDEF
   │    v10 = NAC
   │    v11 = 0
   │    v12 = NAC
   │    v13 = NAC
   │    v14 = 2
   │    v16 = NAC
   │    v17 = 1
   │    v18 = NAC
   │    v19 = NAC
   │    v2 = 1
   │    v20 = NAC
   │    v21 = NAC
   │    v22 = NAC
   │    v23 = UNDEF
   │    v24 = NAC
   │    v25 = NAC
   │    v26 = NAC
   │    v27 = NAC
   │    v28 = NAC
   │    v29 = UNDEF
   │    v3 = NAC
   │    v30 = NAC
   │    v31 = NAC
   │    v32 = 2
   │    v33 = NAC
   │    v5 = 1
   │    v6 = UNDEF
   │    v7 = UNDEF
   │    v9 = UNDEF
   └─ OUT:
        b = UNDEF
        base = NAC
        bit = NAC
        e = UNDEF
        exp = NAC
        m = UNDEF
        result = NAC
        v1 = UNDEF
        v10 = NAC
        v11 = 0
        v12 = NAC
        v13 = NAC
        v14 = 2
        v16 = NAC
        v17 = 1
        v18 = NAC
        v19 = NAC
        v2 = 1
        v20 = NAC
        v21 = NAC
        v22 = NAC
        v23 = UNDEF
        v24 = NAC
        v25 = NAC
        v26 = NAC
        v27 = NAC
        v28 = NAC
        v29 = UNDEF
        v3 = NAC
        v30 = NAC
        v31 = NAC
        v32 = 2
        v33 = NAC
        v5 = 1
        v6 = UNDEF
        v7 = UNDEF
        v9 = UNDEF

 Block: for.cond.8
   ┌─ IN:
   │    b = UNDEF
   │    base = NAC
   │    bit = NAC
   │    e = UNDEF
   │    exp = NAC
   │    m = UNDEF
   │    result = NAC
   │    v1 = UNDEF
   │    v10 = NAC
   │    v11 = 0
   │    v12 = NAC
   │    v13 = NAC
   │    v14 = 2
   │    v16 = NAC
   │    v17 = 1
   │    v18 = NAC
   │    v19 = NAC
   │    v2 = 1
   │    v20 = NAC
   │    v21 = NAC
   │    v22 = NAC
   │    v23 = UNDEF
   │    v24 = NAC
   │    v25 = NAC
   │    v26 = NAC
   │    v27 = NAC
   │    v28 = NAC
   │    v29 = UNDEF
   │    v3 = NAC
   │    v30 = NAC
   │    v31 = NAC
   │    v32 = 2
   │    v33 = NAC
   │    v5 = 1
   │    v6 = UNDEF
   │    v7 = UNDEF
   │    v9 = UNDEF
   └─ OUT:
        b = UNDEF
        base = NAC
        bit = NAC
        e = UNDEF
        exp = NAC
        m = UNDEF
        result = NAC
        v1 = UNDEF
        v10 = NAC
        v11 = 0
        v12 = NAC
        v13 = NAC
        v14 = 2
        v16 = NAC
        v17 = 1
        v18 = NAC
        v19 = NAC
        v2 = 1
        v20 = NAC
        v21 = NAC
        v22 = NAC
        v23 = UNDEF
        v24 = NAC
        v25 = NAC
        v26 = NAC
        v27 = NAC
        v28 = NAC
        v29 = UNDEF
        v3 = NAC
        v30 = NAC
        v31 = NAC
        v32 = 2
        v33 = NAC
        v5 = 1
        v6 = UNDEF
        v7 = UNDEF
        v9 = UNDEF

 Block: for.end.8
   ┌─ IN:
   │    b = UNDEF
   │    base = NAC
   │    bit = NAC
   │    e = UNDEF
   │    exp = NAC
   │    m = UNDEF
   │    result = NAC
   │    v1 = UNDEF
   │    v10 = NAC
   │    v11 = 0
   │    v12 = NAC
   │    v13 = NAC
   │    v14 = 2
   │    v16 = NAC
   │    v17 = 1
   │    v18 = NAC
   │    v19 = NAC
   │    v2 = 1
   │    v20 = NAC
   │    v21 = NAC
   │    v22 = NAC
   │    v23 = UNDEF
   │    v24 = NAC
   │    v25 = NAC
   │    v26 = NAC
   │    v27 = NAC
   │    v28 = NAC
   │    v29 = UNDEF
   │    v3 = NAC
   │    v30 = NAC
   │    v31 = NAC
   │    v32 = 2
   │    v33 = NAC
   │    v5 = 1
   │    v6 = UNDEF
   │    v7 = UNDEF
   │    v9 = UNDEF
   └─ OUT:
        b = UNDEF
        base = NAC
        bit = NAC
        e = UNDEF
        exp = NAC
        m = UNDEF
        result = NAC
        v1 = UNDEF
        v10 = NAC
        v11 = 0
        v12 = NAC
        v13 = NAC
        v14 = 2
        v16 = NAC
        v17 = 1
        v18 = NAC
        v19 = NAC
        v2 = 1
        v20 = NAC
        v21 = NAC
        v22 = NAC
        v23 = UNDEF
        v24 = NAC
        v25 = NAC
        v26 = NAC
        v27 = NAC
        v28 = NAC
        v29 = UNDEF
        v3 = NAC
        v30 = NAC
        v31 = NAC
        v32 = 2
        v33 = NAC
        v34 = NAC
        v5 = 1
        v6 = UNDEF
        v7 = UNDEF
        v9 = UNDEF

 Block: then.0
   ┌─ IN:
   │    b = UNDEF
   │    e = UNDEF
   │    m = UNDEF
   │    v1 = UNDEF
   │    v2 = 1
   │    v3 = NAC
   └─ OUT:
        b = UNDEF
        e = UNDEF
        m = UNDEF
        v1 = UNDEF
        v2 = 1
        v3 = NAC
        v4 = 0

 Block: then.15
   ┌─ IN:
   │    b = UNDEF
   │    base = NAC
   │    bit = NAC
   │    e = UNDEF
   │    exp = NAC
   │    m = UNDEF
   │    result = NAC
   │    v1 = UNDEF
   │    v10 = NAC
   │    v11 = 0
   │    v12 = NAC
   │    v13 = NAC
   │    v14 = 2
   │    v16 = NAC
   │    v17 = 1
   │    v18 = NAC
   │    v19 = NAC
   │    v2 = 1
   │    v20 = NAC
   │    v21 = NAC
   │    v22 = NAC
   │    v23 = UNDEF
   │    v24 = NAC
   │    v25 = NAC
   │    v26 = NAC
   │    v27 = NAC
   │    v28 = NAC
   │    v29 = UNDEF
   │    v3 = NAC
   │    v30 = NAC
   │    v31 = NAC
   │    v32 = 2
   │    v33 = NAC
   │    v5 = 1
   │    v6 = UNDEF
   │    v7 = UNDEF
   │    v9 = UNDEF
   └─ OUT:
        b = UNDEF
        base = NAC
        bit = NAC
        e = UNDEF
        exp = NAC
        m = UNDEF
        result = NAC
        v1 = UNDEF
        v10 = NAC
        v11 = 0
        v12 = NAC
        v13 = NAC
        v14 = 2
        v16 = NAC
        v17 = 1
        v18 = NAC
        v19 = NAC
        v2 = 1
        v20 = NAC
        v21 = NAC
        v22 = NAC
        v23 = UNDEF
        v24 = NAC
        v25 = NAC
        v26 = NAC
        v27 = NAC
        v28 = NAC
        v29 = UNDEF
        v3 = NAC
        v30 = NAC
        v31 = NAC
        v32 = 2
        v33 = NAC
        v5 = 1
        v6 = UNDEF
        v7 = UNDEF
        v9 = UNDEF

 Block: v1
   ┌─ IN:
   │    b = UNDEF
   │    e = UNDEF
   │    m = UNDEF
   └─ OUT:
        b = UNDEF
        e = UNDEF
        m = UNDEF
        v1 = UNDEF
        v2 = 1
        v3 = NAC

DataFlow ConstProp analysis for function 'mod'
---------------------------------------------

 Block: v0
   ┌─ IN:
   │    m = UNDEF
   │    n = UNDEF
   └─ OUT:
        m = UNDEF
        n = UNDEF
        v0 = UNDEF
        v1 = UNDEF
        v2 = UNDEF
        v3 = NAC
        v4 = UNDEF
        v5 = NAC
        v6 = NAC
