
DataFlow ConstProp analysis for function 'main'
---------------------------------------------

 Block: else.11
   ┌─ IN:
   │    a = NAC
   │    ans = NAC
   │    i = 1
   │    m = NAC
   │    n = UNDEF
   │    p = UNDEF
   │    two = 2
   │    v0 = 2
   │    v1 = UNDEF
   │    v10 = NAC
   │    v12 = NAC
   │    v13 = NAC
   │    v14 = 2
   │    v15 = NAC
   │    v16 = 2
   │    v17 = NAC
   │    v18 = NAC
   │    v19 = NAC
   │    v2 = 2
   │    v20 = NAC
   │    v21 = NAC
   │    v22 = UNDEF
   │    v23 = NAC
   │    v24 = NAC
   │    v25 = NAC
   │    v26 = NAC
   │    v27 = UNDEF
   │    v28 = NAC
   │    v29 = NAC
   │    v3 = NAC
   │    v30 = 2
   │    v31 = NAC
   │    v4 = 1
   │    v5 = UNDEF
   │    v7 = 1
   │    v8 = NAC
   │    v9 = 0
   └─ OUT:
        a = NAC
        ans = NAC
        i = 1
        m = NAC
        n = UNDEF
        p = UNDEF
        two = 2
        v0 = 2
        v1 = UNDEF
        v10 = NAC
        v12 = NAC
        v13 = NAC
        v14 = 2
        v15 = NAC
        v16 = 2
        v17 = NAC
        v18 = NAC
        v19 = NAC
        v2 = 2
        v20 = NAC
        v21 = NAC
        v22 = UNDEF
        v23 = NAC
        v24 = NAC
        v25 = NAC
        v26 = NAC
        v27 = UNDEF
        v28 = NAC
        v29 = NAC
        v3 = NAC
        v30 = 2
        v31 = NAC
        v4 = 1
        v5 = UNDEF
        v7 = 1
        v8 = NAC
        v9 = 0

 Block: endif.11
   ┌─ IN:
   │    a = NAC
   │    ans = NAC
   │    i = 1
   │    m = NAC
   │    n = UNDEF
   │    p = UNDEF
   │    two = 2
   │    v0 = 2
   │    v1 = UNDEF
   │    v10 = NAC
   │    v12 = NAC
   │    v13 = NAC
   │    v14 = 2
   │    v15 = NAC
   │    v16 = 2
   │    v17 = NAC
   │    v18 = NAC
   │    v19 = NAC
   │    v2 = 2
   │    v20 = NAC
   │    v21 = NAC
   │    v22 = UNDEF
   │    v23 = NAC
   │    v24 = NAC
   │    v25 = NAC
   │    v26 = NAC
   │    v27 = UNDEF
   │    v28 = NAC
   │    v29 = NAC
   │    v3 = NAC
   │    v30 = 2
   │    v31 = NAC
   │    v4 = 1
   │    v5 = UNDEF
   │    v7 = 1
   │    v8 = NAC
   │    v9 = 0
   └─ OUT:
        a = NAC
        ans = NAC
        i = 1
        m = NAC
        n = UNDEF
        p = UNDEF
        two = 2
        v0 = 2
        v1 = UNDEF
        v10 = NAC
        v12 = NAC
        v13 = NAC
        v14 = 2
        v15 = NAC
        v16 = 2
        v17 = NAC
        v18 = NAC
        v19 = NAC
        v2 = 2
        v20 = NAC
        v21 = NAC
        v22 = UNDEF
        v23 = NAC
        v24 = NAC
        v25 = NAC
        v26 = NAC
        v27 = UNDEF
        v28 = NAC
        v29 = NAC
        v3 = NAC
        v30 = 2
        v31 = NAC
        v4 = 1
        v5 = UNDEF
        v7 = 1
        v8 = NAC
        v9 = 0

 Block: for.body.6
   ┌─ IN:
   │    a = NAC
   │    ans = NAC
   │    i = 1
   │    m = NAC
   │    n = UNDEF
   │    p = UNDEF
   │    two = 2
   │    v0 = 2
   │    v1 = UNDEF
   │    v10 = NAC
   │    v12 = NAC
   │    v13 = NAC
   │    v14 = 2
   │    v15 = NAC
   │    v16 = 2
   │    v17 = NAC
   │    v18 = NAC
   │    v19 = NAC
   │    v2 = 2
   │    v20 = NAC
   │    v21 = NAC
   │    v22 = UNDEF
   │    v23 = NAC
   │    v24 = NAC
   │    v25 = NAC
   │    v26 = NAC
   │    v27 = UNDEF
   │    v28 = NAC
   │    v29 = NAC
   │    v3 = NAC
   │    v30 = 2
   │    v31 = NAC
   │    v4 = 1
   │    v5 = UNDEF
   │    v7 = 1
   │    v8 = NAC
   │    v9 = 0
   └─ OUT:
        a = NAC
        ans = NAC
        i = 1
        m = NAC
        n = UNDEF
        p = UNDEF
        two = 2
        v0 = 2
        v1 = UNDEF
        v10 = NAC
        v12 = NAC
        v13 = NAC
        v14 = 2
        v15 = NAC
        v16 = 2
        v17 = NAC
        v18 = NAC
        v19 = NAC
        v2 = 2
        v20 = NAC
        v21 = NAC
        v22 = UNDEF
        v23 = NAC
        v24 = NAC
        v25 = NAC
        v26 = NAC
        v27 = UNDEF
        v28 = NAC
        v29 = NAC
        v3 = NAC
        v30 = 2
        v31 = NAC
        v4 = 1
        v5 = UNDEF
        v7 = 1
        v8 = NAC
        v9 = 0

 Block: for.cond.6
   ┌─ IN:
   │    a = NAC
   │    ans = NAC
   │    i = 1
   │    m = NAC
   │    n = UNDEF
   │    p = UNDEF
   │    two = 2
   │    v0 = 2
   │    v1 = UNDEF
   │    v10 = NAC
   │    v12 = NAC
   │    v13 = NAC
   │    v14 = 2
   │    v15 = NAC
   │    v16 = 2
   │    v17 = NAC
   │    v18 = NAC
   │    v19 = NAC
   │    v2 = 2
   │    v20 = NAC
   │    v21 = NAC
   │    v22 = UNDEF
   │    v23 = NAC
   │    v24 = NAC
   │    v25 = NAC
   │    v26 = NAC
   │    v27 = UNDEF
   │    v28 = NAC
   │    v29 = NAC
   │    v3 = NAC
   │    v30 = 2
   │    v31 = NAC
   │    v4 = 1
   │    v5 = UNDEF
   │    v7 = 1
   │    v8 = NAC
   │    v9 = 0
   └─ OUT:
        a = NAC
        ans = NAC
        i = 1
        m = NAC
        n = UNDEF
        p = UNDEF
        two = 2
        v0 = 2
        v1 = UNDEF
        v10 = NAC
        v12 = NAC
        v13 = NAC
        v14 = 2
        v15 = NAC
        v16 = 2
        v17 = NAC
        v18 = NAC
        v19 = NAC
        v2 = 2
        v20 = NAC
        v21 = NAC
        v22 = UNDEF
        v23 = NAC
        v24 = NAC
        v25 = NAC
        v26 = NAC
        v27 = UNDEF
        v28 = NAC
        v29 = NAC
        v3 = NAC
        v30 = 2
        v31 = NAC
        v4 = 1
        v5 = UNDEF
        v7 = 1
        v8 = NAC
        v9 = 0

 Block: for.end.6
   ┌─ IN:
   │    a = NAC
   │    ans = NAC
   │    i = 1
   │    m = NAC
   │    n = UNDEF
   │    p = UNDEF
   │    two = 2
   │    v0 = 2
   │    v1 = UNDEF
   │    v10 = NAC
   │    v12 = NAC
   │    v13 = NAC
   │    v14 = 2
   │    v15 = NAC
   │    v16 = 2
   │    v17 = NAC
   │    v18 = NAC
   │    v19 = NAC
   │    v2 = 2
   │    v20 = NAC
   │    v21 = NAC
   │    v22 = UNDEF
   │    v23 = NAC
   │    v24 = NAC
   │    v25 = NAC
   │    v26 = NAC
   │    v27 = UNDEF
   │    v28 = NAC
   │    v29 = NAC
   │    v3 = NAC
   │    v30 = 2
   │    v31 = NAC
   │    v4 = 1
   │    v5 = UNDEF
   │    v7 = 1
   │    v8 = NAC
   │    v9 = 0
   └─ OUT:
        a = NAC
        ans = NAC
        i = 1
        m = NAC
        n = UNDEF
        p = UNDEF
        two = 2
        v0 = 2
        v1 = UNDEF
        v10 = NAC
        v12 = NAC
        v13 = NAC
        v14 = 2
        v15 = NAC
        v16 = 2
        v17 = NAC
        v18 = NAC
        v19 = NAC
        v2 = 2
        v20 = NAC
        v21 = NAC
        v22 = UNDEF
        v23 = NAC
        v24 = NAC
        v25 = NAC
        v26 = NAC
        v27 = UNDEF
        v28 = NAC
        v29 = NAC
        v3 = NAC
        v30 = 2
        v31 = NAC
        v32 = NAC
        v33 = 0
        v4 = 1
        v5 = UNDEF
        v7 = 1
        v8 = NAC
        v9 = 0

 Block: then.11
   ┌─ IN:
   │    a = NAC
   │    ans = NAC
   │    i = 1
   │    m = NAC
   │    n = UNDEF
   │    p = UNDEF
   │    two = 2
   │    v0 = 2
   │    v1 = UNDEF
   │    v10 = NAC
   │    v12 = NAC
   │    v13 = NAC
   │    v14 = 2
   │    v15 = NAC
   │    v16 = 2
   │    v17 = NAC
   │    v18 = NAC
   │    v19 = NAC
   │    v2 = 2
   │    v20 = NAC
   │    v21 = NAC
   │    v22 = UNDEF
   │    v23 = NAC
   │    v24 = NAC
   │    v25 = NAC
   │    v26 = NAC
   │    v27 = UNDEF
   │    v28 = NAC
   │    v29 = NAC
   │    v3 = NAC
   │    v30 = 2
   │    v31 = NAC
   │    v4 = 1
   │    v5 = UNDEF
   │    v7 = 1
   │    v8 = NAC
   │    v9 = 0
   └─ OUT:
        a = NAC
        ans = NAC
        i = 1
        m = NAC
        n = UNDEF
        p = UNDEF
        two = 2
        v0 = 2
        v1 = UNDEF
        v10 = NAC
        v12 = NAC
        v13 = NAC
        v14 = 2
        v15 = NAC
        v16 = 2
        v17 = NAC
        v18 = NAC
        v19 = NAC
        v2 = 2
        v20 = NAC
        v21 = NAC
        v22 = UNDEF
        v23 = NAC
        v24 = NAC
        v25 = NAC
        v26 = NAC
        v27 = UNDEF
        v28 = NAC
        v29 = NAC
        v3 = NAC
        v30 = 2
        v31 = NAC
        v4 = 1
        v5 = UNDEF
        v7 = 1
        v8 = NAC
        v9 = 0

 Block: v0
   ┌─ IN:
   │    n = UNDEF
   │    p = UNDEF
   └─ OUT:
        a = UNDEF
        ans = 1
        i = 1
        m = NAC
        n = UNDEF
        p = UNDEF
        two = 2
        v0 = 2
        v1 = UNDEF
        v2 = 2
        v3 = NAC
        v4 = 1
        v5 = UNDEF
        v7 = 1

DataFlow ConstProp analysis for function 'mod'
---------------------------------------------

 Block: v0
   ┌─ IN:
   │    n = UNDEF
   │    p = UNDEF
   └─ OUT:
        n = UNDEF
        p = UNDEF
        v0 = UNDEF
        v1 = UNDEF
        v2 = UNDEF
        v3 = NAC
        v4 = UNDEF
        v5 = NAC
        v6 = NAC
