
DataFlow ConstProp analysis for function 'main'
---------------------------------------------

 Block: false
   ┌─ IN:
   │    a = UNDEF
   │    b = UNDEF
   │    t0 = 2
   │    t1 = NAC
   └─ OUT:
        a = UNDEF
        b = UNDEF
        t0 = 2
        t1 = NAC
        t2 = UNDEF

 Block: for.inner.body
   ┌─ IN:
   │    a = UNDEF
   │    b = UNDEF
   │    t0 = 2
   │    t1 = NAC
   │    t10 = NAC
   │    t11 = 0
   │    t12 = NAC
   │    t13 = 1
   │    t14 = 2
   │    t15 = 1
   │    t16 = 1
   │    t17 = 1
   │    t2 = NAC
   │    t3 = NAC
   │    t4 = 1
   │    t5 = NAC
   │    t6 = NAC
   │    t7 = 2
   │    t8 = NAC
   │    t9 = NAC
   └─ OUT:
        a = UNDEF
        b = UNDEF
        t0 = 2
        t1 = NAC
        t10 = NAC
        t11 = 0
        t12 = NAC
        t13 = 1
        t14 = 2
        t15 = 1
        t16 = 1
        t17 = 1
        t2 = NAC
        t3 = NAC
        t4 = 1
        t5 = NAC
        t6 = NAC
        t7 = 2
        t8 = NAC
        t9 = NAC

 Block: for.inner.cond
   ┌─ IN:
   │    a = UNDEF
   │    b = UNDEF
   │    t0 = 2
   │    t1 = NAC
   │    t10 = NAC
   │    t11 = 0
   │    t12 = NAC
   │    t13 = 1
   │    t14 = 2
   │    t15 = 1
   │    t16 = 1
   │    t17 = 1
   │    t2 = NAC
   │    t3 = NAC
   │    t4 = 1
   │    t5 = NAC
   │    t6 = NAC
   │    t7 = 2
   │    t8 = NAC
   │    t9 = NAC
   └─ OUT:
        a = UNDEF
        b = UNDEF
        t0 = 2
        t1 = NAC
        t10 = NAC
        t11 = 0
        t12 = NAC
        t13 = 1
        t14 = 2
        t15 = 1
        t16 = 1
        t17 = 1
        t2 = NAC
        t3 = NAC
        t4 = 1
        t5 = NAC
        t6 = NAC
        t7 = 2
        t8 = NAC
        t9 = NAC

 Block: for.inner.end
   ┌─ IN:
   │    a = UNDEF
   │    b = UNDEF
   │    t0 = 2
   │    t1 = NAC
   │    t10 = NAC
   │    t11 = 0
   │    t12 = NAC
   │    t13 = 1
   │    t14 = 2
   │    t15 = 1
   │    t16 = 1
   │    t17 = 1
   │    t2 = NAC
   │    t3 = NAC
   │    t4 = 1
   │    t5 = NAC
   │    t6 = NAC
   │    t7 = 2
   │    t8 = NAC
   │    t9 = NAC
   └─ OUT:
        a = UNDEF
        b = UNDEF
        t0 = 2
        t1 = NAC
        t10 = NAC
        t11 = 0
        t12 = NAC
        t13 = 1
        t14 = 2
        t15 = 1
        t16 = 1
        t17 = 1
        t2 = NAC
        t3 = NAC
        t4 = 1
        t5 = NAC
        t6 = NAC
        t7 = 2
        t8 = NAC
        t9 = NAC

 Block: for.inner.init
   ┌─ IN:
   │    a = UNDEF
   │    b = UNDEF
   │    t0 = 2
   │    t1 = NAC
   │    t10 = NAC
   │    t11 = 0
   │    t12 = NAC
   │    t13 = 1
   │    t14 = 2
   │    t15 = 1
   │    t16 = 1
   │    t17 = 1
   │    t2 = NAC
   │    t3 = NAC
   │    t4 = 1
   │    t5 = NAC
   │    t6 = NAC
   │    t7 = 2
   │    t8 = NAC
   │    t9 = NAC
   └─ OUT:
        a = UNDEF
        b = UNDEF
        t0 = 2
        t1 = NAC
        t10 = NAC
        t11 = 0
        t12 = NAC
        t13 = 1
        t14 = 2
        t15 = 1
        t16 = 1
        t17 = 1
        t2 = NAC
        t3 = NAC
        t4 = 1
        t5 = NAC
        t6 = 2
        t7 = 2
        t8 = NAC
        t9 = NAC

 Block: for.outer.body
   ┌─ IN:
   │    a = UNDEF
   │    b = UNDEF
   │    t0 = 2
   │    t1 = NAC
   │    t10 = NAC
   │    t11 = 0
   │    t12 = NAC
   │    t13 = 1
   │    t14 = 2
   │    t15 = 1
   │    t16 = 1
   │    t17 = 1
   │    t2 = NAC
   │    t3 = NAC
   │    t4 = 1
   │    t5 = NAC
   │    t6 = NAC
   │    t7 = 2
   │    t8 = NAC
   │    t9 = NAC
   └─ OUT:
        a = UNDEF
        b = UNDEF
        t0 = 2
        t1 = NAC
        t10 = NAC
        t11 = 0
        t12 = NAC
        t13 = 1
        t14 = 2
        t15 = 1
        t16 = 1
        t17 = 1
        t2 = NAC
        t3 = NAC
        t4 = 1
        t5 = NAC
        t6 = NAC
        t7 = 2
        t8 = NAC
        t9 = NAC

 Block: for.outer.cond
   ┌─ IN:
   │    a = UNDEF
   │    b = UNDEF
   │    t0 = 2
   │    t1 = NAC
   │    t10 = NAC
   │    t11 = 0
   │    t12 = NAC
   │    t13 = 1
   │    t14 = 2
   │    t15 = 1
   │    t16 = 1
   │    t17 = 1
   │    t2 = NAC
   │    t3 = NAC
   │    t4 = 1
   │    t5 = NAC
   │    t6 = NAC
   │    t7 = 2
   │    t8 = NAC
   │    t9 = NAC
   └─ OUT:
        a = UNDEF
        b = UNDEF
        t0 = 2
        t1 = NAC
        t10 = NAC
        t11 = 0
        t12 = NAC
        t13 = 1
        t14 = 2
        t15 = 1
        t16 = 1
        t17 = 1
        t2 = NAC
        t3 = NAC
        t4 = 1
        t5 = NAC
        t6 = NAC
        t7 = 2
        t8 = NAC
        t9 = NAC

 Block: for.outer.end
   ┌─ IN:
   │    a = UNDEF
   │    b = UNDEF
   │    t0 = 2
   │    t1 = NAC
   │    t10 = NAC
   │    t11 = 0
   │    t12 = NAC
   │    t13 = 1
   │    t14 = 2
   │    t15 = 1
   │    t16 = 1
   │    t17 = 1
   │    t2 = NAC
   │    t3 = NAC
   │    t4 = 1
   │    t5 = NAC
   │    t6 = NAC
   │    t7 = 2
   │    t8 = NAC
   │    t9 = NAC
   └─ OUT:
        a = UNDEF
        b = UNDEF
        t0 = 2
        t1 = NAC
        t10 = NAC
        t11 = 0
        t12 = NAC
        t13 = 1
        t14 = 2
        t15 = 1
        t16 = 1
        t17 = 1
        t2 = NAC
        t3 = NAC
        t4 = 1
        t5 = NAC
        t6 = NAC
        t7 = 2
        t8 = NAC
        t9 = NAC

 Block: for.outer.init
   ┌─ IN:
   │    a = UNDEF
   │    b = UNDEF
   └─ OUT:
        a = UNDEF
        b = UNDEF
        t0 = 2
        t1 = NAC

 Block: if.inner.body
   ┌─ IN:
   │    a = UNDEF
   │    b = UNDEF
   │    t0 = 2
   │    t1 = NAC
   │    t10 = NAC
   │    t11 = 0
   │    t12 = NAC
   │    t13 = 1
   │    t14 = 2
   │    t15 = 1
   │    t16 = 1
   │    t17 = 1
   │    t2 = NAC
   │    t3 = NAC
   │    t4 = 1
   │    t5 = NAC
   │    t6 = NAC
   │    t7 = 2
   │    t8 = NAC
   │    t9 = NAC
   └─ OUT:
        a = UNDEF
        b = UNDEF
        t0 = 2
        t1 = NAC
        t10 = NAC
        t11 = 0
        t12 = NAC
        t13 = 1
        t14 = 2
        t15 = 1
        t16 = 1
        t17 = 1
        t2 = NAC
        t3 = NAC
        t4 = 1
        t5 = NAC
        t6 = NAC
        t7 = 2
        t8 = NAC
        t9 = NAC

 Block: if.inner.end
   ┌─ IN:
   │    a = UNDEF
   │    b = UNDEF
   │    t0 = 2
   │    t1 = NAC
   │    t10 = NAC
   │    t11 = 0
   │    t12 = NAC
   │    t13 = 1
   │    t14 = 2
   │    t15 = 1
   │    t16 = 1
   │    t17 = 1
   │    t2 = NAC
   │    t3 = NAC
   │    t4 = 1
   │    t5 = NAC
   │    t6 = NAC
   │    t7 = 2
   │    t8 = NAC
   │    t9 = NAC
   └─ OUT:
        a = UNDEF
        b = UNDEF
        t0 = 2
        t1 = NAC
        t10 = NAC
        t11 = 0
        t12 = NAC
        t13 = 1
        t14 = 2
        t15 = 1
        t16 = 1
        t17 = 1
        t2 = NAC
        t3 = NAC
        t4 = 1
        t5 = NAC
        t6 = NAC
        t7 = 2
        t8 = NAC
        t9 = NAC

 Block: if.outer.body
   ┌─ IN:
   │    a = UNDEF
   │    b = UNDEF
   │    t0 = 2
   │    t1 = NAC
   │    t10 = NAC
   │    t11 = 0
   │    t12 = NAC
   │    t13 = 1
   │    t14 = 2
   │    t15 = 1
   │    t16 = 1
   │    t17 = 1
   │    t2 = NAC
   │    t3 = NAC
   │    t4 = 1
   │    t5 = NAC
   │    t6 = NAC
   │    t7 = 2
   │    t8 = NAC
   │    t9 = NAC
   └─ OUT:
        a = UNDEF
        b = UNDEF
        t0 = 2
        t1 = NAC
        t10 = NAC
        t11 = 0
        t12 = NAC
        t13 = 1
        t14 = 2
        t15 = 1
        t16 = 1
        t17 = 1
        t2 = NAC
        t3 = NAC
        t4 = 1
        t5 = NAC
        t6 = NAC
        t7 = 2
        t8 = NAC
        t9 = NAC

 Block: if.outer.end
   ┌─ IN:
   │    a = UNDEF
   │    b = UNDEF
   │    t0 = 2
   │    t1 = NAC
   │    t10 = NAC
   │    t11 = 0
   │    t12 = NAC
   │    t13 = 1
   │    t14 = 2
   │    t15 = 1
   │    t16 = 1
   │    t17 = 1
   │    t2 = NAC
   │    t3 = NAC
   │    t4 = 1
   │    t5 = NAC
   │    t6 = NAC
   │    t7 = 2
   │    t8 = NAC
   │    t9 = NAC
   └─ OUT:
        a = UNDEF
        b = UNDEF
        t0 = 2
        t1 = NAC
        t10 = NAC
        t11 = 0
        t12 = NAC
        t13 = 1
        t14 = 2
        t15 = 1
        t16 = 1
        t17 = 1
        t2 = NAC
        t3 = NAC
        t4 = 1
        t5 = NAC
        t6 = NAC
        t7 = 2
        t8 = NAC
        t9 = NAC

 Block: true
   ┌─ IN:
   │    a = UNDEF
   │    b = UNDEF
   │    t0 = 2
   │    t1 = NAC
   └─ OUT:
        a = UNDEF
        b = UNDEF
        t0 = 2
        t1 = NAC
        t2 = 2

DataFlow ConstProp analysis for function 'mod'
---------------------------------------------

 Block: t1
   ┌─ IN:
   │    a = UNDEF
   │    b = UNDEF
   └─ OUT:
        a = UNDEF
        b = UNDEF
        t1 = NAC
        t2 = NAC
        t3 = NAC
